<?xml version="1.0" encoding="UTF-8"?>
<!-- Generated by org.testng.reporters.JUnitReportReporter -->
<testsuite hostname="LAPTOP-N34GTUSU" failures="0" tests="1" name="Demo1" time="0.000" errors="0" timestamp="03 Jun 2021 10:45:50 GMT" skipped="0">
  <testcase classname="Demo1" name="test" time="0.000"/>
</testsuite> <!-- Demo1 -->
